{"uuid":"b85d5e52-3aa1-4cf9-8a60-6bf26948a75c","historyId":"dcc19ea935a21b51b696e162216515c8","fullName":"Verify FLIPBOARD works properly: Verify that NOTIFICATIONS  button work properly","labels":[{"name":"tag","value":"Release"},{"name":"host","value":"KaziTamim"},{"name":"thread","value":"6080@KaziTamim.TestNG-PoolService-0(31)"},{"name":"feature","value":"Verify FLIPBOARD works properly"},{"name":"story","value":"Verify that NOTIFICATIONS  button work properly"},{"name":"suite","value":"Verify FLIPBOARD works properly"},{"name":"testClass","value":"Verify that NOTIFICATIONS  button work properly"},{"name":"framework","value":"cucumber4jvm"},{"name":"language","value":"java"},{"name":"gherkin_uri","value":"file:///C:/Users/kazit/Downloads/Web-Test-main/webTest-master/webTest-master/src/test/java/Feature/test.feature"},{"name":"package","value":"src.test.java.Feature.test_feature.Verify FLIPBOARD works properly"}],"links":[],"name":"Verify that NOTIFICATIONS  button work properly","status":"broken","statusDetails":{"known":false,"muted":false,"flaky":false,"message":"no such element: Unable to locate element: {\"method\":\"xpath\",\"selector\":\"//button[@class='button--unstyled css-zqid3 e1ep8s3m2']//div[@class='button--unstyled__children']//*[name()='svg']//*[name()='path' and contains(@fill-rule,'evenodd')]\"}\n  (Session info: chrome=118.0.5993.118)\nFor documentation on this error, please visit: https://selenium.dev/exceptions/#no_such_element\nBuild info: version: '4.1.3', revision: '7b1ebf28ef'\nSystem info: host: 'KAZITAMIM', ip: '172.16.0.2', os.name: 'Windows 11', os.arch: 'amd64', os.version: '10.0', java.version: '21.0.1'\nDriver info: org.openqa.selenium.chrome.ChromeDriver\nCommand: [703b360fda72165f8bde1efa66780f90, findElement {using=xpath, value=//button[@class='button--unstyled css-zqid3 e1ep8s3m2']//div[@class='button--unstyled__children']//*[name()='svg']//*[name()='path' and contains(@fill-rule,'evenodd')]}]\nCapabilities {acceptInsecureCerts: false, browserName: chrome, browserVersion: 118.0.5993.118, chrome: {chromedriverVersion: 118.0.5993.70 (e52f33f30b91..., userDataDir: C:\\Users\\kazit\\AppData\\Loca...}, fedcm:accounts: true, goog:chromeOptions: {debuggerAddress: localhost:3115}, javascriptEnabled: true, networkConnectionEnabled: false, pageLoadStrategy: normal, platform: WINDOWS, platformName: WINDOWS, proxy: Proxy(), se:cdp: ws://localhost:3115/devtool..., se:cdpVersion: 118.0.5993.118, setWindowRect: true, strictFileInteractability: false, timeouts: {implicit: 0, pageLoad: 300000, script: 30000}, unhandledPromptBehavior: dismiss and notify, webauthn:extension:credBlob: true, webauthn:extension:largeBlob: true, webauthn:extension:minPinLength: true, webauthn:extension:prf: true, webauthn:virtualAuthenticators: true}\nSession ID: 703b360fda72165f8bde1efa66780f90","trace":"org.openqa.selenium.NoSuchElementException: no such element: Unable to locate element: {\"method\":\"xpath\",\"selector\":\"//button[@class='button--unstyled css-zqid3 e1ep8s3m2']//div[@class='button--unstyled__children']//*[name()='svg']//*[name()='path' and contains(@fill-rule,'evenodd')]\"}\n  (Session info: chrome=118.0.5993.118)\nFor documentation on this error, please visit: https://selenium.dev/exceptions/#no_such_element\nBuild info: version: '4.1.3', revision: '7b1ebf28ef'\nSystem info: host: 'KAZITAMIM', ip: '172.16.0.2', os.name: 'Windows 11', os.arch: 'amd64', os.version: '10.0', java.version: '21.0.1'\nDriver info: org.openqa.selenium.chrome.ChromeDriver\nCommand: [703b360fda72165f8bde1efa66780f90, findElement {using=xpath, value=//button[@class='button--unstyled css-zqid3 e1ep8s3m2']//div[@class='button--unstyled__children']//*[name()='svg']//*[name()='path' and contains(@fill-rule,'evenodd')]}]\nCapabilities {acceptInsecureCerts: false, browserName: chrome, browserVersion: 118.0.5993.118, chrome: {chromedriverVersion: 118.0.5993.70 (e52f33f30b91..., userDataDir: C:\\Users\\kazit\\AppData\\Loca...}, fedcm:accounts: true, goog:chromeOptions: {debuggerAddress: localhost:3115}, javascriptEnabled: true, networkConnectionEnabled: false, pageLoadStrategy: normal, platform: WINDOWS, platformName: WINDOWS, proxy: Proxy(), se:cdp: ws://localhost:3115/devtool..., se:cdpVersion: 118.0.5993.118, setWindowRect: true, strictFileInteractability: false, timeouts: {implicit: 0, pageLoad: 300000, script: 30000}, unhandledPromptBehavior: dismiss and notify, webauthn:extension:credBlob: true, webauthn:extension:largeBlob: true, webauthn:extension:minPinLength: true, webauthn:extension:prf: true, webauthn:virtualAuthenticators: true}\nSession ID: 703b360fda72165f8bde1efa66780f90\r\n\tat java.base/jdk.internal.reflect.DirectConstructorHandleAccessor.newInstance(DirectConstructorHandleAccessor.java:62)\r\n\tat java.base/java.lang.reflect.Constructor.newInstanceWithCaller(Constructor.java:502)\r\n\tat java.base/java.lang.reflect.Constructor.newInstance(Constructor.java:486)\r\n\tat org.openqa.selenium.remote.codec.w3c.W3CHttpResponseCodec.createException(W3CHttpResponseCodec.java:200)\r\n\tat org.openqa.selenium.remote.codec.w3c.W3CHttpResponseCodec.decode(W3CHttpResponseCodec.java:133)\r\n\tat org.openqa.selenium.remote.codec.w3c.W3CHttpResponseCodec.decode(W3CHttpResponseCodec.java:53)\r\n\tat org.openqa.selenium.remote.HttpCommandExecutor.execute(HttpCommandExecutor.java:184)\r\n\tat org.openqa.selenium.remote.service.DriverCommandExecutor.invokeExecute(DriverCommandExecutor.java:167)\r\n\tat org.openqa.selenium.remote.service.DriverCommandExecutor.execute(DriverCommandExecutor.java:142)\r\n\tat org.openqa.selenium.remote.RemoteWebDriver.execute(RemoteWebDriver.java:567)\r\n\tat org.openqa.selenium.remote.ElementLocation$ElementFinder$2.findElement(ElementLocation.java:162)\r\n\tat org.openqa.selenium.remote.ElementLocation.findElement(ElementLocation.java:60)\r\n\tat org.openqa.selenium.remote.RemoteWebDriver.findElement(RemoteWebDriver.java:385)\r\n\tat org.openqa.selenium.remote.RemoteWebDriver.findElement(RemoteWebDriver.java:377)\r\n\tat HomePage.Homepage.getnotification(Homepage.java:110)\r\n\tat StepDef.Stepdeff.checkNOTIFICATIONSButtonIsAvailable(Stepdeff.java:284)\r\n\tat ✽.Check NOTIFICATIONS  button is available(file:///C:/Users/kazit/Downloads/Web-Test-main/webTest-master/webTest-master/src/test/java/Feature/test.feature:54)\r\n"},"stage":"finished","steps":[{"name":"When  Click On Login button","status":"passed","statusDetails":{"known":false,"muted":false,"flaky":false},"stage":"finished","steps":[],"attachments":[],"parameters":[],"start":1698581607402,"stop":1698581608773},{"name":"And  Enter Email in Email text field","status":"passed","statusDetails":{"known":false,"muted":false,"flaky":false},"stage":"finished","steps":[],"attachments":[],"parameters":[],"start":1698581608773,"stop":1698581611005},{"name":"And  Input The Password in Password field for log in","status":"passed","statusDetails":{"known":false,"muted":false,"flaky":false},"stage":"finished","steps":[],"attachments":[],"parameters":[],"start":1698581611005,"stop":1698581613230},{"name":"And  Click on Log in button for main","status":"passed","statusDetails":{"known":false,"muted":false,"flaky":false},"stage":"finished","steps":[],"attachments":[],"parameters":[],"start":1698581613230,"stop":1698581615413},{"name":"Given  Check NOTIFICATIONS  button is available","status":"broken","statusDetails":{"known":false,"muted":false,"flaky":false,"message":"no such element: Unable to locate element: {\"method\":\"xpath\",\"selector\":\"//button[@class='button--unstyled css-zqid3 e1ep8s3m2']//div[@class='button--unstyled__children']//*[name()='svg']//*[name()='path' and contains(@fill-rule,'evenodd')]\"}\n  (Session info: chrome=118.0.5993.118)\nFor documentation on this error, please visit: https://selenium.dev/exceptions/#no_such_element\nBuild info: version: '4.1.3', revision: '7b1ebf28ef'\nSystem info: host: 'KAZITAMIM', ip: '172.16.0.2', os.name: 'Windows 11', os.arch: 'amd64', os.version: '10.0', java.version: '21.0.1'\nDriver info: org.openqa.selenium.chrome.ChromeDriver\nCommand: [703b360fda72165f8bde1efa66780f90, findElement {using=xpath, value=//button[@class='button--unstyled css-zqid3 e1ep8s3m2']//div[@class='button--unstyled__children']//*[name()='svg']//*[name()='path' and contains(@fill-rule,'evenodd')]}]\nCapabilities {acceptInsecureCerts: false, browserName: chrome, browserVersion: 118.0.5993.118, chrome: {chromedriverVersion: 118.0.5993.70 (e52f33f30b91..., userDataDir: C:\\Users\\kazit\\AppData\\Loca...}, fedcm:accounts: true, goog:chromeOptions: {debuggerAddress: localhost:3115}, javascriptEnabled: true, networkConnectionEnabled: false, pageLoadStrategy: normal, platform: WINDOWS, platformName: WINDOWS, proxy: Proxy(), se:cdp: ws://localhost:3115/devtool..., se:cdpVersion: 118.0.5993.118, setWindowRect: true, strictFileInteractability: false, timeouts: {implicit: 0, pageLoad: 300000, script: 30000}, unhandledPromptBehavior: dismiss and notify, webauthn:extension:credBlob: true, webauthn:extension:largeBlob: true, webauthn:extension:minPinLength: true, webauthn:extension:prf: true, webauthn:virtualAuthenticators: true}\nSession ID: 703b360fda72165f8bde1efa66780f90","trace":"org.openqa.selenium.NoSuchElementException: no such element: Unable to locate element: {\"method\":\"xpath\",\"selector\":\"//button[@class='button--unstyled css-zqid3 e1ep8s3m2']//div[@class='button--unstyled__children']//*[name()='svg']//*[name()='path' and contains(@fill-rule,'evenodd')]\"}\n  (Session info: chrome=118.0.5993.118)\nFor documentation on this error, please visit: https://selenium.dev/exceptions/#no_such_element\nBuild info: version: '4.1.3', revision: '7b1ebf28ef'\nSystem info: host: 'KAZITAMIM', ip: '172.16.0.2', os.name: 'Windows 11', os.arch: 'amd64', os.version: '10.0', java.version: '21.0.1'\nDriver info: org.openqa.selenium.chrome.ChromeDriver\nCommand: [703b360fda72165f8bde1efa66780f90, findElement {using=xpath, value=//button[@class='button--unstyled css-zqid3 e1ep8s3m2']//div[@class='button--unstyled__children']//*[name()='svg']//*[name()='path' and contains(@fill-rule,'evenodd')]}]\nCapabilities {acceptInsecureCerts: false, browserName: chrome, browserVersion: 118.0.5993.118, chrome: {chromedriverVersion: 118.0.5993.70 (e52f33f30b91..., userDataDir: C:\\Users\\kazit\\AppData\\Loca...}, fedcm:accounts: true, goog:chromeOptions: {debuggerAddress: localhost:3115}, javascriptEnabled: true, networkConnectionEnabled: false, pageLoadStrategy: normal, platform: WINDOWS, platformName: WINDOWS, proxy: Proxy(), se:cdp: ws://localhost:3115/devtool..., se:cdpVersion: 118.0.5993.118, setWindowRect: true, strictFileInteractability: false, timeouts: {implicit: 0, pageLoad: 300000, script: 30000}, unhandledPromptBehavior: dismiss and notify, webauthn:extension:credBlob: true, webauthn:extension:largeBlob: true, webauthn:extension:minPinLength: true, webauthn:extension:prf: true, webauthn:virtualAuthenticators: true}\nSession ID: 703b360fda72165f8bde1efa66780f90\r\n\tat java.base/jdk.internal.reflect.DirectConstructorHandleAccessor.newInstance(DirectConstructorHandleAccessor.java:62)\r\n\tat java.base/java.lang.reflect.Constructor.newInstanceWithCaller(Constructor.java:502)\r\n\tat java.base/java.lang.reflect.Constructor.newInstance(Constructor.java:486)\r\n\tat org.openqa.selenium.remote.codec.w3c.W3CHttpResponseCodec.createException(W3CHttpResponseCodec.java:200)\r\n\tat org.openqa.selenium.remote.codec.w3c.W3CHttpResponseCodec.decode(W3CHttpResponseCodec.java:133)\r\n\tat org.openqa.selenium.remote.codec.w3c.W3CHttpResponseCodec.decode(W3CHttpResponseCodec.java:53)\r\n\tat org.openqa.selenium.remote.HttpCommandExecutor.execute(HttpCommandExecutor.java:184)\r\n\tat org.openqa.selenium.remote.service.DriverCommandExecutor.invokeExecute(DriverCommandExecutor.java:167)\r\n\tat org.openqa.selenium.remote.service.DriverCommandExecutor.execute(DriverCommandExecutor.java:142)\r\n\tat org.openqa.selenium.remote.RemoteWebDriver.execute(RemoteWebDriver.java:567)\r\n\tat org.openqa.selenium.remote.ElementLocation$ElementFinder$2.findElement(ElementLocation.java:162)\r\n\tat org.openqa.selenium.remote.ElementLocation.findElement(ElementLocation.java:60)\r\n\tat org.openqa.selenium.remote.RemoteWebDriver.findElement(RemoteWebDriver.java:385)\r\n\tat org.openqa.selenium.remote.RemoteWebDriver.findElement(RemoteWebDriver.java:377)\r\n\tat HomePage.Homepage.getnotification(Homepage.java:110)\r\n\tat StepDef.Stepdeff.checkNOTIFICATIONSButtonIsAvailable(Stepdeff.java:284)\r\n\tat ✽.Check NOTIFICATIONS  button is available(file:///C:/Users/kazit/Downloads/Web-Test-main/webTest-master/webTest-master/src/test/java/Feature/test.feature:54)\r\n"},"stage":"finished","steps":[],"attachments":[],"parameters":[],"start":1698581615413,"stop":1698581620491},{"name":"When  Click NOTIFICATIONS   button","status":"skipped","statusDetails":{"known":false,"muted":false,"flaky":false},"stage":"finished","steps":[],"attachments":[],"parameters":[],"start":1698581620491,"stop":1698581620491},{"name":"Then  Social button  is available","status":"skipped","statusDetails":{"known":false,"muted":false,"flaky":false},"stage":"finished","steps":[],"attachments":[],"parameters":[],"start":1698581620491,"stop":1698581620491},{"name":"And  Content button  is available","status":"skipped","statusDetails":{"known":false,"muted":false,"flaky":false},"stage":"finished","steps":[],"attachments":[],"parameters":[],"start":1698581620491,"stop":1698581620491},{"name":"When  Click  Social button","status":"skipped","statusDetails":{"known":false,"muted":false,"flaky":false},"stage":"finished","steps":[],"attachments":[],"parameters":[],"start":1698581620491,"stop":1698581620491},{"name":"And  Click  Content button","status":"skipped","statusDetails":{"known":false,"muted":false,"flaky":false},"stage":"finished","steps":[],"attachments":[],"parameters":[],"start":1698581620491,"stop":1698581620491},{"name":"Then  Close button  is available","status":"skipped","statusDetails":{"known":false,"muted":false,"flaky":false},"stage":"finished","steps":[],"attachments":[],"parameters":[],"start":1698581620491,"stop":1698581620491},{"name":"When  Click Close button","status":"skipped","statusDetails":{"known":false,"muted":false,"flaky":false},"stage":"finished","steps":[],"attachments":[],"parameters":[],"start":1698581620491,"stop":1698581620491}],"attachments":[],"parameters":[],"start":1698581598603,"stop":1698581620748}